Using pre-set license
Built from '2020.2/release' branch; Version is '2020.2.2f1 (068178b99f32) revision 426360'; Using compiler version '192528614'; Build Type 'Release'
OS: 'Windows 10 Home; OS build 19041.746; Version 2004; 64bit' Language: 'en' Physical Memory: 16301 MB
BatchMode: 1, IsHumanControllingUs: 0, StartBugReporterOnCrash: 0, Is64bit: 1, IsPro: 0

 COMMAND LINE ARGUMENTS:
C:\Program Files\Unity\Hub\Editor\2020.2.2f1\Editor\Unity.exe
-adb2
-batchMode
-noUpm
-name
AssetImportWorker0
-projectPath
C:/_Repositories/GGJ_2020_Repository/GGJ_2021
-logFile
Logs/AssetImportWorker0.log
-srvPort
61566
Successfully changed project path to: C:/_Repositories/GGJ_2020_Repository/GGJ_2021
C:/_Repositories/GGJ_2020_Repository/GGJ_2021
Using Asset Import Pipeline V2.
Refreshing native plugins compatible for Editor in 32.81 ms, found 0 plugins.
Preloading 0 native plugins for Editor in 0.00 ms.
Initialize engine version: 2020.2.2f1 (068178b99f32)
[Subsystems] Discovering subsystems at path C:/Program Files/Unity/Hub/Editor/2020.2.2f1/Editor/Data/Resources/UnitySubsystems
[Subsystems] Discovering subsystems at path C:/_Repositories/GGJ_2020_Repository/GGJ_2021/Assets
GfxDevice: creating device client; threaded=0
Direct3D:
    Version:  Direct3D 11.0 [level 11.1]
    Renderer: NVIDIA GeForce GTX 950 (ID=0x1402)
    Vendor:   
    VRAM:     2007 MB
    Driver:   27.21.14.5671
Initialize mono
Mono path[0] = 'C:/Program Files/Unity/Hub/Editor/2020.2.2f1/Editor/Data/Managed'
Mono path[1] = 'C:/Program Files/Unity/Hub/Editor/2020.2.2f1/Editor/Data/MonoBleedingEdge/lib/mono/unityjit'
Mono config path = 'C:/Program Files/Unity/Hub/Editor/2020.2.2f1/Editor/Data/MonoBleedingEdge/etc'
Using monoOptions --debugger-agent=transport=dt_socket,embedding=1,server=y,suspend=n,address=127.0.0.1:56076
Begin MonoManager ReloadAssembly
Registering precompiled unity dll's ...
Register platform support module: C:/Program Files/Unity/Hub/Editor/2020.2.2f1/Editor/Data/PlaybackEngines/WindowsStandaloneSupport/UnityEditor.WindowsStandalone.Extensions.dll
Registered in 0.002624 seconds.
Native extension for WindowsStandalone target not found
Refreshing native plugins compatible for Editor in 30.15 ms, found 0 plugins.
Preloading 0 native plugins for Editor in 0.00 ms.
Invoked RoslynAnalysisRunner static constructor.
RoslynAnalysisRunner will not be running.
RoslynAnalysisRunner has terminated.
Mono: successfully reloaded assembly
- Completed reload, in  3.091 seconds
Platform modules already initialized, skipping
Registering precompiled user dll's ...
Registered in 0.001034 seconds.
Begin MonoManager ReloadAssembly
Native extension for WindowsStandalone target not found
Refreshing native plugins compatible for Editor in 0.20 ms, found 0 plugins.
Preloading 0 native plugins for Editor in 0.00 ms.
Invoked RoslynAnalysisRunner static constructor.
RoslynAnalysisRunner will not be running.
RoslynAnalysisRunner has terminated.
Mono: successfully reloaded assembly
- Completed reload, in  1.210 seconds
Platform modules already initialized, skipping
========================================================================
Worker process is ready to serve import requests
Launched and connected shader compiler UnityShaderCompiler.exe after 0.06 seconds
Refreshing native plugins compatible for Editor in 0.22 ms, found 0 plugins.
Preloading 0 native plugins for Editor in 0.00 ms.
Unloading 1115 Unused Serialized files (Serialized files now loaded: 0)
System memory in use before: 57.2 MB.
System memory in use after: 57.3 MB.

Unloading 10 unused Assets to reduce memory usage. Loaded Objects now: 1557.
Total: 2.108900 ms (FindLiveObjects: 0.139200 ms CreateObjectMapping: 0.054100 ms MarkObjects: 1.828400 ms  DeleteObjects: 0.086000 ms)

========================================================================
Received Import Request.
  path: Assets/Prefabs/sphere.prefab
  artifactKey: Guid(d177498e1409aea48bd881965413ddcd) Importer(815301076,1909f56bfc062723c751e8b465ee728b)
Start importing Assets/Prefabs/sphere.prefab using Guid(d177498e1409aea48bd881965413ddcd) Importer(815301076,1909f56bfc062723c751e8b465ee728b)  -> (artifact id: '481528767fd8ec96ca3e44c36108721f') in 0.535898 seconds
  Import took 0.571030 seconds .

========================================================================
Received Prepare
Registering precompiled user dll's ...
Registered in 0.001002 seconds.
Begin MonoManager ReloadAssembly
Native extension for WindowsStandalone target not found
Refreshing native plugins compatible for Editor in 0.33 ms, found 0 plugins.
Preloading 0 native plugins for Editor in 0.00 ms.
Invoked RoslynAnalysisRunner static constructor.
RoslynAnalysisRunner will not be running.
RoslynAnalysisRunner has terminated.
Mono: successfully reloaded assembly
- Completed reload, in  1.172 seconds
Platform modules already initialized, skipping
Refreshing native plugins compatible for Editor in 0.23 ms, found 0 plugins.
Preloading 0 native plugins for Editor in 0.00 ms.
Unloading 1110 Unused Serialized files (Serialized files now loaded: 0)
System memory in use before: 67.6 MB.
System memory in use after: 67.7 MB.

Unloading 6 unused Assets to reduce memory usage. Loaded Objects now: 1566.
Total: 1.714700 ms (FindLiveObjects: 0.170100 ms CreateObjectMapping: 0.037000 ms MarkObjects: 1.452500 ms  DeleteObjects: 0.054200 ms)

========================================================================
Received Import Request.
  Time since last request: 63.691563 seconds.
  path: Assets/Prefabs/boxes/box_01.prefab
  artifactKey: Guid(9157757e1c2a82a4981d9f3c4eb72e6c) Importer(815301076,1909f56bfc062723c751e8b465ee728b)
Start importing Assets/Prefabs/boxes/box_01.prefab using Guid(9157757e1c2a82a4981d9f3c4eb72e6c) Importer(815301076,1909f56bfc062723c751e8b465ee728b)  -> (artifact id: '0325d117a972dc2c40d937add4085deb') in 0.103924 seconds
  Import took 0.106562 seconds .

========================================================================
Received Import Request.
  Time since last request: 0.000228 seconds.
  path: Assets/Prefabs/boxes/box_03.prefab
  artifactKey: Guid(565d47b81fb5fd148b56b4cbf5981c02) Importer(815301076,1909f56bfc062723c751e8b465ee728b)
Start importing Assets/Prefabs/boxes/box_03.prefab using Guid(565d47b81fb5fd148b56b4cbf5981c02) Importer(815301076,1909f56bfc062723c751e8b465ee728b)  -> (artifact id: '8783f7e31fecfb8e8c75722de3c64cc9') in 0.020688 seconds
  Import took 0.023713 seconds .

========================================================================
Received Import Request.
  Time since last request: 0.000302 seconds.
  path: Assets/Prefabs/boxes/box_05.prefab
  artifactKey: Guid(6b9c09da0a0e44e4cba07495621eba1f) Importer(815301076,1909f56bfc062723c751e8b465ee728b)
Start importing Assets/Prefabs/boxes/box_05.prefab using Guid(6b9c09da0a0e44e4cba07495621eba1f) Importer(815301076,1909f56bfc062723c751e8b465ee728b)  -> (artifact id: '5f789a2420729c951b8f3dcaacfe43c6') in 0.025410 seconds
  Import took 0.030302 seconds .

========================================================================
Received Import Request.
  Time since last request: 0.000245 seconds.
  path: Assets/Prefabs/boxes/box_04.prefab
  artifactKey: Guid(0737be45f996d3244bc14e4fa272f75c) Importer(815301076,1909f56bfc062723c751e8b465ee728b)
Start importing Assets/Prefabs/boxes/box_04.prefab using Guid(0737be45f996d3244bc14e4fa272f75c) Importer(815301076,1909f56bfc062723c751e8b465ee728b)  -> (artifact id: '5e67d576c8fab92d7f15baf827303627') in 0.022346 seconds
  Import took 0.025703 seconds .

========================================================================
Received Import Request.
  Time since last request: 0.000206 seconds.
  path: Assets/Prefabs/boxes/box_06.prefab
  artifactKey: Guid(1b20e8b713b7311429f12b209cad63e6) Importer(815301076,1909f56bfc062723c751e8b465ee728b)
Start importing Assets/Prefabs/boxes/box_06.prefab using Guid(1b20e8b713b7311429f12b209cad63e6) Importer(815301076,1909f56bfc062723c751e8b465ee728b)  -> (artifact id: 'd495cdf08c1af5f5a1cd6c833101a9a0') in 0.022035 seconds
  Import took 0.024877 seconds .

========================================================================
Received Import Request.
  Time since last request: 0.000189 seconds.
  path: Assets/Prefabs/boxes/box_02.prefab
  artifactKey: Guid(b30a1920b284c0743a104f381a5545e2) Importer(815301076,1909f56bfc062723c751e8b465ee728b)
Start importing Assets/Prefabs/boxes/box_02.prefab using Guid(b30a1920b284c0743a104f381a5545e2) Importer(815301076,1909f56bfc062723c751e8b465ee728b)  -> (artifact id: '2af6abd7a741c8f54a490e0cc8f19366') in 0.026234 seconds
  Import took 0.029042 seconds .

========================================================================
Received Import Request.
  Time since last request: 2.182285 seconds.
  path: Assets/Prefabs/boxes/box_01.prefab
  artifactKey: Guid(9157757e1c2a82a4981d9f3c4eb72e6c) Importer(815301076,1909f56bfc062723c751e8b465ee728b)
Start importing Assets/Prefabs/boxes/box_01.prefab using Guid(9157757e1c2a82a4981d9f3c4eb72e6c) Importer(815301076,1909f56bfc062723c751e8b465ee728b)  -> (artifact id: 'cee3301af5af81e5cc9b475c2e62b4fc') in 0.031117 seconds
  Import took 0.034405 seconds .

========================================================================
Received Import Request.
  Time since last request: 0.000300 seconds.
  path: Assets/Prefabs/boxes/box_03.prefab
  artifactKey: Guid(565d47b81fb5fd148b56b4cbf5981c02) Importer(815301076,1909f56bfc062723c751e8b465ee728b)
Start importing Assets/Prefabs/boxes/box_03.prefab using Guid(565d47b81fb5fd148b56b4cbf5981c02) Importer(815301076,1909f56bfc062723c751e8b465ee728b)  -> (artifact id: 'c10fee022911ad02f6b73aa86bcd1035') in 0.024342 seconds
  Import took 0.028844 seconds .

========================================================================
Received Import Request.
  Time since last request: 0.000054 seconds.
  path: Assets/Prefabs/boxes/box_05.prefab
  artifactKey: Guid(6b9c09da0a0e44e4cba07495621eba1f) Importer(815301076,1909f56bfc062723c751e8b465ee728b)
Start importing Assets/Prefabs/boxes/box_05.prefab using Guid(6b9c09da0a0e44e4cba07495621eba1f) Importer(815301076,1909f56bfc062723c751e8b465ee728b)  -> (artifact id: '0558fe2e8544abc1c828f72ed9792a71') in 0.020081 seconds
  Import took 0.023738 seconds .

========================================================================
Received Import Request.
  Time since last request: 0.000297 seconds.
  path: Assets/Prefabs/boxes/box_04.prefab
  artifactKey: Guid(0737be45f996d3244bc14e4fa272f75c) Importer(815301076,1909f56bfc062723c751e8b465ee728b)
Start importing Assets/Prefabs/boxes/box_04.prefab using Guid(0737be45f996d3244bc14e4fa272f75c) Importer(815301076,1909f56bfc062723c751e8b465ee728b)  -> (artifact id: '7143482dda7186412477f51eefe91f08') in 0.022814 seconds
  Import took 0.025144 seconds .

========================================================================
Received Import Request.
  Time since last request: 0.000463 seconds.
  path: Assets/Prefabs/boxes/box_06.prefab
  artifactKey: Guid(1b20e8b713b7311429f12b209cad63e6) Importer(815301076,1909f56bfc062723c751e8b465ee728b)
Start importing Assets/Prefabs/boxes/box_06.prefab using Guid(1b20e8b713b7311429f12b209cad63e6) Importer(815301076,1909f56bfc062723c751e8b465ee728b)  -> (artifact id: '020b9dff23ced1755b03d133852b1645') in 0.020248 seconds
  Import took 0.022924 seconds .

========================================================================
Received Import Request.
  Time since last request: 0.000268 seconds.
  path: Assets/Prefabs/boxes/box_02.prefab
  artifactKey: Guid(b30a1920b284c0743a104f381a5545e2) Importer(815301076,1909f56bfc062723c751e8b465ee728b)
Start importing Assets/Prefabs/boxes/box_02.prefab using Guid(b30a1920b284c0743a104f381a5545e2) Importer(815301076,1909f56bfc062723c751e8b465ee728b)  -> (artifact id: '6efdb1504084ba65b950ec30c028092b') in 0.021456 seconds
  Import took 0.024155 seconds .

========================================================================
Received Import Request.
  Time since last request: 2.004601 seconds.
  path: Assets/Prefabs/boxes/box_01.prefab
  artifactKey: Guid(9157757e1c2a82a4981d9f3c4eb72e6c) Importer(815301076,1909f56bfc062723c751e8b465ee728b)
Start importing Assets/Prefabs/boxes/box_01.prefab using Guid(9157757e1c2a82a4981d9f3c4eb72e6c) Importer(815301076,1909f56bfc062723c751e8b465ee728b)  -> (artifact id: 'f8ba72d2364861c626e27e2cf6273824') in 0.022693 seconds
  Import took 0.025014 seconds .

========================================================================
Received Import Request.
  Time since last request: 0.000476 seconds.
  path: Assets/Prefabs/boxes/box_03.prefab
  artifactKey: Guid(565d47b81fb5fd148b56b4cbf5981c02) Importer(815301076,1909f56bfc062723c751e8b465ee728b)
Start importing Assets/Prefabs/boxes/box_03.prefab using Guid(565d47b81fb5fd148b56b4cbf5981c02) Importer(815301076,1909f56bfc062723c751e8b465ee728b)  -> (artifact id: 'cde0ed81184439f5f8e1fbbf45f335c5') in 0.022215 seconds
  Import took 0.024773 seconds .

========================================================================
Received Import Request.
  Time since last request: 0.000331 seconds.
  path: Assets/Prefabs/boxes/box_05.prefab
  artifactKey: Guid(6b9c09da0a0e44e4cba07495621eba1f) Importer(815301076,1909f56bfc062723c751e8b465ee728b)
Start importing Assets/Prefabs/boxes/box_05.prefab using Guid(6b9c09da0a0e44e4cba07495621eba1f) Importer(815301076,1909f56bfc062723c751e8b465ee728b)  -> (artifact id: '51e0a93ba916b84971ddd146fb28c08f') in 0.024006 seconds
  Import took 0.027467 seconds .

========================================================================
Received Import Request.
  Time since last request: 0.000283 seconds.
  path: Assets/Prefabs/boxes/box_04.prefab
  artifactKey: Guid(0737be45f996d3244bc14e4fa272f75c) Importer(815301076,1909f56bfc062723c751e8b465ee728b)
Start importing Assets/Prefabs/boxes/box_04.prefab using Guid(0737be45f996d3244bc14e4fa272f75c) Importer(815301076,1909f56bfc062723c751e8b465ee728b)  -> (artifact id: 'f93efc55d2e1af93752efd8e3947b6d0') in 0.021457 seconds
  Import took 0.024125 seconds .

========================================================================
Received Import Request.
  Time since last request: 0.000306 seconds.
  path: Assets/Prefabs/boxes/box_06.prefab
  artifactKey: Guid(1b20e8b713b7311429f12b209cad63e6) Importer(815301076,1909f56bfc062723c751e8b465ee728b)
Start importing Assets/Prefabs/boxes/box_06.prefab using Guid(1b20e8b713b7311429f12b209cad63e6) Importer(815301076,1909f56bfc062723c751e8b465ee728b)  -> (artifact id: '712b8b08c0b83f853a97dcba8fb6b9b1') in 0.016788 seconds
  Import took 0.019199 seconds .

========================================================================
Received Import Request.
  Time since last request: 0.000298 seconds.
  path: Assets/Prefabs/boxes/box_02.prefab
  artifactKey: Guid(b30a1920b284c0743a104f381a5545e2) Importer(815301076,1909f56bfc062723c751e8b465ee728b)
Start importing Assets/Prefabs/boxes/box_02.prefab using Guid(b30a1920b284c0743a104f381a5545e2) Importer(815301076,1909f56bfc062723c751e8b465ee728b)  -> (artifact id: '87b6c8c80b4b1bc1635f8fdc435695e6') in 0.018640 seconds
  Import took 0.021738 seconds .

========================================================================
Received Prepare
Registering precompiled user dll's ...
Registered in 0.001062 seconds.
Begin MonoManager ReloadAssembly
Native extension for WindowsStandalone target not found
Refreshing native plugins compatible for Editor in 0.22 ms, found 0 plugins.
Preloading 0 native plugins for Editor in 0.00 ms.
Invoked RoslynAnalysisRunner static constructor.
RoslynAnalysisRunner will not be running.
RoslynAnalysisRunner has terminated.
Mono: successfully reloaded assembly
- Completed reload, in  1.088 seconds
Platform modules already initialized, skipping
Refreshing native plugins compatible for Editor in 0.22 ms, found 0 plugins.
Preloading 0 native plugins for Editor in 0.00 ms.
Unloading 1110 Unused Serialized files (Serialized files now loaded: 0)
System memory in use before: 67.8 MB.
System memory in use after: 67.9 MB.

Unloading 5 unused Assets to reduce memory usage. Loaded Objects now: 1569.
Total: 1.984500 ms (FindLiveObjects: 0.145800 ms CreateObjectMapping: 0.038800 ms MarkObjects: 1.747100 ms  DeleteObjects: 0.051700 ms)

========================================================================
Received Import Request.
  Time since last request: 29.362882 seconds.
  path: Assets/Prefabs/boxes/box_01.prefab
  artifactKey: Guid(9157757e1c2a82a4981d9f3c4eb72e6c) Importer(815301076,1909f56bfc062723c751e8b465ee728b)
Start importing Assets/Prefabs/boxes/box_01.prefab using Guid(9157757e1c2a82a4981d9f3c4eb72e6c) Importer(815301076,1909f56bfc062723c751e8b465ee728b)  -> (artifact id: 'ebcef84ecd0fb760b82bb202713e16af') in 0.094531 seconds
  Import took 0.097712 seconds .

========================================================================
Received Import Request.
  Time since last request: 0.000275 seconds.
  path: Assets/Prefabs/boxes/box_03.prefab
  artifactKey: Guid(565d47b81fb5fd148b56b4cbf5981c02) Importer(815301076,1909f56bfc062723c751e8b465ee728b)
Start importing Assets/Prefabs/boxes/box_03.prefab using Guid(565d47b81fb5fd148b56b4cbf5981c02) Importer(815301076,1909f56bfc062723c751e8b465ee728b)  -> (artifact id: 'e4e8f8d4b21025f1b23d0960ef792638') in 0.015158 seconds
  Import took 0.019275 seconds .

========================================================================
Received Import Request.
  Time since last request: 0.000072 seconds.
  path: Assets/Prefabs/boxes/box_05.prefab
  artifactKey: Guid(6b9c09da0a0e44e4cba07495621eba1f) Importer(815301076,1909f56bfc062723c751e8b465ee728b)
Start importing Assets/Prefabs/boxes/box_05.prefab using Guid(6b9c09da0a0e44e4cba07495621eba1f) Importer(815301076,1909f56bfc062723c751e8b465ee728b)  -> (artifact id: '2b184f6f039a59c9f5b8dec455c1b3f7') in 0.015313 seconds
  Import took 0.018259 seconds .

========================================================================
Received Import Request.
  Time since last request: 0.000282 seconds.
  path: Assets/Prefabs/boxes/box_04.prefab
  artifactKey: Guid(0737be45f996d3244bc14e4fa272f75c) Importer(815301076,1909f56bfc062723c751e8b465ee728b)
Start importing Assets/Prefabs/boxes/box_04.prefab using Guid(0737be45f996d3244bc14e4fa272f75c) Importer(815301076,1909f56bfc062723c751e8b465ee728b)  -> (artifact id: '1888d010e7f3e8041f706ebe008bfca7') in 0.012915 seconds
  Import took 0.015971 seconds .

========================================================================
Received Import Request.
  Time since last request: 0.000456 seconds.
  path: Assets/Prefabs/boxes/box_06.prefab
  artifactKey: Guid(1b20e8b713b7311429f12b209cad63e6) Importer(815301076,1909f56bfc062723c751e8b465ee728b)
Start importing Assets/Prefabs/boxes/box_06.prefab using Guid(1b20e8b713b7311429f12b209cad63e6) Importer(815301076,1909f56bfc062723c751e8b465ee728b)  -> (artifact id: '3b87121bd4619426ff65b11364b1c759') in 0.020667 seconds
  Import took 0.024777 seconds .

========================================================================
Received Import Request.
  Time since last request: 0.000185 seconds.
  path: Assets/Prefabs/boxes/box_02.prefab
  artifactKey: Guid(b30a1920b284c0743a104f381a5545e2) Importer(815301076,1909f56bfc062723c751e8b465ee728b)
Start importing Assets/Prefabs/boxes/box_02.prefab using Guid(b30a1920b284c0743a104f381a5545e2) Importer(815301076,1909f56bfc062723c751e8b465ee728b)  -> (artifact id: 'e70fb24e99cf482af8f88989b7bdb122') in 0.014481 seconds
  Import took 0.017104 seconds .

========================================================================
Received Import Request.
  Time since last request: 3.153355 seconds.
  path: Assets/Prefabs/boxes/box_01.prefab
  artifactKey: Guid(9157757e1c2a82a4981d9f3c4eb72e6c) Importer(815301076,1909f56bfc062723c751e8b465ee728b)
Start importing Assets/Prefabs/boxes/box_01.prefab using Guid(9157757e1c2a82a4981d9f3c4eb72e6c) Importer(815301076,1909f56bfc062723c751e8b465ee728b)  -> (artifact id: '651de8be8b2a69e2cb409536f5f72fb5') in 0.015697 seconds
  Import took 0.018184 seconds .

========================================================================
Received Import Request.
  Time since last request: 0.000303 seconds.
  path: Assets/Prefabs/boxes/box_03.prefab
  artifactKey: Guid(565d47b81fb5fd148b56b4cbf5981c02) Importer(815301076,1909f56bfc062723c751e8b465ee728b)
Start importing Assets/Prefabs/boxes/box_03.prefab using Guid(565d47b81fb5fd148b56b4cbf5981c02) Importer(815301076,1909f56bfc062723c751e8b465ee728b)  -> (artifact id: '8eff4315252f35b3e7cda407bc6ac41f') in 0.014824 seconds
  Import took 0.017935 seconds .

========================================================================
Received Import Request.
  Time since last request: 0.000315 seconds.
  path: Assets/Prefabs/boxes/box_05.prefab
  artifactKey: Guid(6b9c09da0a0e44e4cba07495621eba1f) Importer(815301076,1909f56bfc062723c751e8b465ee728b)
Start importing Assets/Prefabs/boxes/box_05.prefab using Guid(6b9c09da0a0e44e4cba07495621eba1f) Importer(815301076,1909f56bfc062723c751e8b465ee728b)  -> (artifact id: 'a4d13f7e780ada157882bba56cc039fa') in 0.018188 seconds
  Import took 0.021133 seconds .

========================================================================
Received Import Request.
  Time since last request: 0.000401 seconds.
  path: Assets/Prefabs/boxes/box_04.prefab
  artifactKey: Guid(0737be45f996d3244bc14e4fa272f75c) Importer(815301076,1909f56bfc062723c751e8b465ee728b)
Start importing Assets/Prefabs/boxes/box_04.prefab using Guid(0737be45f996d3244bc14e4fa272f75c) Importer(815301076,1909f56bfc062723c751e8b465ee728b)  -> (artifact id: '8b83d1185164ecdf3c9801059c1337d8') in 0.016478 seconds
  Import took 0.019513 seconds .

========================================================================
Received Import Request.
  Time since last request: 0.000300 seconds.
  path: Assets/Prefabs/boxes/box_06.prefab
  artifactKey: Guid(1b20e8b713b7311429f12b209cad63e6) Importer(815301076,1909f56bfc062723c751e8b465ee728b)
Start importing Assets/Prefabs/boxes/box_06.prefab using Guid(1b20e8b713b7311429f12b209cad63e6) Importer(815301076,1909f56bfc062723c751e8b465ee728b)  -> (artifact id: '60ca047aef34ac1c83ebfad25b78f853') in 0.014503 seconds
  Import took 0.017400 seconds .

========================================================================
Received Import Request.
  Time since last request: 0.000348 seconds.
  path: Assets/Prefabs/boxes/box_02.prefab
  artifactKey: Guid(b30a1920b284c0743a104f381a5545e2) Importer(815301076,1909f56bfc062723c751e8b465ee728b)
Start importing Assets/Prefabs/boxes/box_02.prefab using Guid(b30a1920b284c0743a104f381a5545e2) Importer(815301076,1909f56bfc062723c751e8b465ee728b)  -> (artifact id: '605c32d89c819e12c819c5afb1548e40') in 0.013130 seconds
  Import took 0.015627 seconds .

========================================================================
Received Import Request.
  Time since last request: 18.176653 seconds.
  path: Assets/Prefabs/boxes/box_01.prefab
  artifactKey: Guid(9157757e1c2a82a4981d9f3c4eb72e6c) Importer(815301076,1909f56bfc062723c751e8b465ee728b)
Start importing Assets/Prefabs/boxes/box_01.prefab using Guid(9157757e1c2a82a4981d9f3c4eb72e6c) Importer(815301076,1909f56bfc062723c751e8b465ee728b)  -> (artifact id: 'f90720e59db3e5f8015c05a51d324fe4') in 0.017953 seconds
  Import took 0.021171 seconds .

========================================================================
Received Import Request.
  Time since last request: 0.000343 seconds.
  path: Assets/Prefabs/boxes/box_03.prefab
  artifactKey: Guid(565d47b81fb5fd148b56b4cbf5981c02) Importer(815301076,1909f56bfc062723c751e8b465ee728b)
Start importing Assets/Prefabs/boxes/box_03.prefab using Guid(565d47b81fb5fd148b56b4cbf5981c02) Importer(815301076,1909f56bfc062723c751e8b465ee728b)  -> (artifact id: 'fa927573a3eaee7f956e1a3ce222a144') in 0.015429 seconds
  Import took 0.018458 seconds .

========================================================================
Received Import Request.
  Time since last request: 0.000335 seconds.
  path: Assets/Prefabs/boxes/box_05.prefab
  artifactKey: Guid(6b9c09da0a0e44e4cba07495621eba1f) Importer(815301076,1909f56bfc062723c751e8b465ee728b)
Start importing Assets/Prefabs/boxes/box_05.prefab using Guid(6b9c09da0a0e44e4cba07495621eba1f) Importer(815301076,1909f56bfc062723c751e8b465ee728b)  -> (artifact id: '9f991434b8efadcff519f6231bcaeb55') in 0.018661 seconds
  Import took 0.022149 seconds .

========================================================================
Received Import Request.
  Time since last request: 0.000241 seconds.
  path: Assets/Prefabs/boxes/box_04.prefab
  artifactKey: Guid(0737be45f996d3244bc14e4fa272f75c) Importer(815301076,1909f56bfc062723c751e8b465ee728b)
Start importing Assets/Prefabs/boxes/box_04.prefab using Guid(0737be45f996d3244bc14e4fa272f75c) Importer(815301076,1909f56bfc062723c751e8b465ee728b)  -> (artifact id: '72fb4abda6e932f123114de45fd7dd98') in 0.020843 seconds
  Import took 0.023747 seconds .

========================================================================
Received Import Request.
  Time since last request: 0.000240 seconds.
  path: Assets/Prefabs/boxes/box_06.prefab
  artifactKey: Guid(1b20e8b713b7311429f12b209cad63e6) Importer(815301076,1909f56bfc062723c751e8b465ee728b)
Start importing Assets/Prefabs/boxes/box_06.prefab using Guid(1b20e8b713b7311429f12b209cad63e6) Importer(815301076,1909f56bfc062723c751e8b465ee728b)  -> (artifact id: '69071bd393b71d012ad32fb400e2dbaa') in 0.015754 seconds
  Import took 0.018271 seconds .

========================================================================
Received Import Request.
  Time since last request: 0.000295 seconds.
  path: Assets/Prefabs/boxes/box_02.prefab
  artifactKey: Guid(b30a1920b284c0743a104f381a5545e2) Importer(815301076,1909f56bfc062723c751e8b465ee728b)
Start importing Assets/Prefabs/boxes/box_02.prefab using Guid(b30a1920b284c0743a104f381a5545e2) Importer(815301076,1909f56bfc062723c751e8b465ee728b)  -> (artifact id: '08764e226aacfdf71bca24a38b06b4e7') in 0.016446 seconds
  Import took 0.019228 seconds .

========================================================================
Received Import Request.
  Time since last request: 1.623653 seconds.
  path: Assets/Prefabs/boxes/box_01.prefab
  artifactKey: Guid(9157757e1c2a82a4981d9f3c4eb72e6c) Importer(815301076,1909f56bfc062723c751e8b465ee728b)
Start importing Assets/Prefabs/boxes/box_01.prefab using Guid(9157757e1c2a82a4981d9f3c4eb72e6c) Importer(815301076,1909f56bfc062723c751e8b465ee728b)  -> (artifact id: '5152dcd3ce9eab608fa83bf3372d3cfe') in 0.031948 seconds
  Import took 0.035091 seconds .

========================================================================
Received Import Request.
  Time since last request: 0.000310 seconds.
  path: Assets/Prefabs/boxes/box_03.prefab
  artifactKey: Guid(565d47b81fb5fd148b56b4cbf5981c02) Importer(815301076,1909f56bfc062723c751e8b465ee728b)
Start importing Assets/Prefabs/boxes/box_03.prefab using Guid(565d47b81fb5fd148b56b4cbf5981c02) Importer(815301076,1909f56bfc062723c751e8b465ee728b)  -> (artifact id: '3585544a5cc971e87fb1ca5652392cd2') in 0.020591 seconds
  Import took 0.024098 seconds .

========================================================================
Received Import Request.
  Time since last request: 0.000304 seconds.
  path: Assets/Prefabs/boxes/box_05.prefab
  artifactKey: Guid(6b9c09da0a0e44e4cba07495621eba1f) Importer(815301076,1909f56bfc062723c751e8b465ee728b)
Start importing Assets/Prefabs/boxes/box_05.prefab using Guid(6b9c09da0a0e44e4cba07495621eba1f) Importer(815301076,1909f56bfc062723c751e8b465ee728b)  -> (artifact id: '270dbf1208eb8736418a0ba15ec87b62') in 0.019409 seconds
  Import took 0.022348 seconds .

========================================================================
Received Import Request.
  Time since last request: 0.000237 seconds.
  path: Assets/Prefabs/boxes/box_04.prefab
  artifactKey: Guid(0737be45f996d3244bc14e4fa272f75c) Importer(815301076,1909f56bfc062723c751e8b465ee728b)
Start importing Assets/Prefabs/boxes/box_04.prefab using Guid(0737be45f996d3244bc14e4fa272f75c) Importer(815301076,1909f56bfc062723c751e8b465ee728b)  -> (artifact id: '9f77129f393169e2e420e2716296e4e8') in 0.016427 seconds
  Import took 0.019198 seconds .

========================================================================
Received Import Request.
  Time since last request: 0.000242 seconds.
  path: Assets/Prefabs/boxes/box_06.prefab
  artifactKey: Guid(1b20e8b713b7311429f12b209cad63e6) Importer(815301076,1909f56bfc062723c751e8b465ee728b)
Start importing Assets/Prefabs/boxes/box_06.prefab using Guid(1b20e8b713b7311429f12b209cad63e6) Importer(815301076,1909f56bfc062723c751e8b465ee728b)  -> (artifact id: 'c8e0756f5d6bb489ea389cde038176a1') in 0.021314 seconds
  Import took 0.024410 seconds .

========================================================================
Received Import Request.
  Time since last request: 0.000221 seconds.
  path: Assets/Prefabs/boxes/box_02.prefab
  artifactKey: Guid(b30a1920b284c0743a104f381a5545e2) Importer(815301076,1909f56bfc062723c751e8b465ee728b)
Start importing Assets/Prefabs/boxes/box_02.prefab using Guid(b30a1920b284c0743a104f381a5545e2) Importer(815301076,1909f56bfc062723c751e8b465ee728b)  -> (artifact id: '725e6dd55fc1fd7395a8dbb5cf07d870') in 0.018383 seconds
  Import took 0.023103 seconds .

========================================================================
Received Prepare
Registering precompiled user dll's ...
Registered in 0.001254 seconds.
Begin MonoManager ReloadAssembly
Native extension for WindowsStandalone target not found
Refreshing native plugins compatible for Editor in 0.49 ms, found 0 plugins.
Preloading 0 native plugins for Editor in 0.00 ms.
Invoked RoslynAnalysisRunner static constructor.
RoslynAnalysisRunner will not be running.
RoslynAnalysisRunner has terminated.
Mono: successfully reloaded assembly
- Completed reload, in  1.080 seconds
Platform modules already initialized, skipping
Refreshing native plugins compatible for Editor in 0.25 ms, found 0 plugins.
Preloading 0 native plugins for Editor in 0.00 ms.
Unloading 1110 Unused Serialized files (Serialized files now loaded: 0)
System memory in use before: 68.0 MB.
System memory in use after: 68.1 MB.

Unloading 5 unused Assets to reduce memory usage. Loaded Objects now: 1572.
Total: 1.947200 ms (FindLiveObjects: 0.144000 ms CreateObjectMapping: 0.035300 ms MarkObjects: 1.709400 ms  DeleteObjects: 0.057200 ms)

========================================================================
Received Import Request.
  Time since last request: 35.864024 seconds.
  path: Assets/Scripts/GameManager.cs
  artifactKey: Guid(ad11d410ed45db3479606e3374d11c7a) Importer(815301076,1909f56bfc062723c751e8b465ee728b)
Start importing Assets/Scripts/GameManager.cs using Guid(ad11d410ed45db3479606e3374d11c7a) Importer(815301076,1909f56bfc062723c751e8b465ee728b)  -> (artifact id: 'b4649d4474ac761bd82ce9a91840da85') in 0.015429 seconds
  Import took 0.018640 seconds .

========================================================================
Received Prepare
Registering precompiled user dll's ...
Registered in 0.000914 seconds.
Begin MonoManager ReloadAssembly
Native extension for WindowsStandalone target not found
Refreshing native plugins compatible for Editor in 0.23 ms, found 0 plugins.
Preloading 0 native plugins for Editor in 0.00 ms.
Invoked RoslynAnalysisRunner static constructor.
RoslynAnalysisRunner will not be running.
RoslynAnalysisRunner has terminated.
Mono: successfully reloaded assembly
- Completed reload, in  1.048 seconds
Platform modules already initialized, skipping
Refreshing native plugins compatible for Editor in 0.21 ms, found 0 plugins.
Preloading 0 native plugins for Editor in 0.00 ms.
Unloading 1110 Unused Serialized files (Serialized files now loaded: 0)
System memory in use before: 68.2 MB.
System memory in use after: 68.2 MB.

Unloading 5 unused Assets to reduce memory usage. Loaded Objects now: 1574.
Total: 1.664100 ms (FindLiveObjects: 0.139500 ms CreateObjectMapping: 0.040800 ms MarkObjects: 1.431700 ms  DeleteObjects: 0.050600 ms)

========================================================================
Received Import Request.
  Time since last request: 63.407030 seconds.
  path: Assets/Scripts/GameManager.cs
  artifactKey: Guid(ad11d410ed45db3479606e3374d11c7a) Importer(815301076,1909f56bfc062723c751e8b465ee728b)
Start importing Assets/Scripts/GameManager.cs using Guid(ad11d410ed45db3479606e3374d11c7a) Importer(815301076,1909f56bfc062723c751e8b465ee728b)  -> (artifact id: '746588dc7eb99e2791c888f40540aa6b') in 0.006398 seconds
  Import took 0.008781 seconds .

========================================================================
Received Prepare
Registering precompiled user dll's ...
Registered in 0.001176 seconds.
Begin MonoManager ReloadAssembly
Native extension for WindowsStandalone target not found
Refreshing native plugins compatible for Editor in 0.21 ms, found 0 plugins.
Preloading 0 native plugins for Editor in 0.00 ms.
Invoked RoslynAnalysisRunner static constructor.
RoslynAnalysisRunner will not be running.
RoslynAnalysisRunner has terminated.
Mono: successfully reloaded assembly
- Completed reload, in  1.062 seconds
Platform modules already initialized, skipping
Refreshing native plugins compatible for Editor in 0.25 ms, found 0 plugins.
Preloading 0 native plugins for Editor in 0.00 ms.
Unloading 1110 Unused Serialized files (Serialized files now loaded: 0)
System memory in use before: 68.3 MB.
System memory in use after: 68.4 MB.

Unloading 5 unused Assets to reduce memory usage. Loaded Objects now: 1576.
Total: 1.981200 ms (FindLiveObjects: 0.137800 ms CreateObjectMapping: 0.038100 ms MarkObjects: 1.706300 ms  DeleteObjects: 0.097900 ms)

========================================================================
Received Prepare
Registering precompiled user dll's ...
Registered in 0.000987 seconds.
Begin MonoManager ReloadAssembly
Native extension for WindowsStandalone target not found
Refreshing native plugins compatible for Editor in 0.29 ms, found 0 plugins.
Preloading 0 native plugins for Editor in 0.00 ms.
Invoked RoslynAnalysisRunner static constructor.
RoslynAnalysisRunner will not be running.
RoslynAnalysisRunner has terminated.
Mono: successfully reloaded assembly
- Completed reload, in  1.068 seconds
Platform modules already initialized, skipping
Refreshing native plugins compatible for Editor in 0.24 ms, found 0 plugins.
Preloading 0 native plugins for Editor in 0.00 ms.
Unloading 1110 Unused Serialized files (Serialized files now loaded: 0)
System memory in use before: 68.4 MB.
System memory in use after: 68.5 MB.

Unloading 5 unused Assets to reduce memory usage. Loaded Objects now: 1578.
Total: 2.167200 ms (FindLiveObjects: 0.163500 ms CreateObjectMapping: 0.035000 ms MarkObjects: 1.910900 ms  DeleteObjects: 0.056300 ms)

========================================================================
Received Prepare
Registering precompiled user dll's ...
Registered in 0.001220 seconds.
Begin MonoManager ReloadAssembly
Native extension for WindowsStandalone target not found
Refreshing native plugins compatible for Editor in 0.21 ms, found 0 plugins.
Preloading 0 native plugins for Editor in 0.00 ms.
Invoked RoslynAnalysisRunner static constructor.
RoslynAnalysisRunner will not be running.
RoslynAnalysisRunner has terminated.
Mono: successfully reloaded assembly
- Completed reload, in  1.062 seconds
Platform modules already initialized, skipping
Refreshing native plugins compatible for Editor in 0.21 ms, found 0 plugins.
Preloading 0 native plugins for Editor in 0.00 ms.
Unloading 1110 Unused Serialized files (Serialized files now loaded: 0)
System memory in use before: 68.6 MB.
System memory in use after: 68.7 MB.

Unloading 5 unused Assets to reduce memory usage. Loaded Objects now: 1580.
Total: 1.924800 ms (FindLiveObjects: 0.153800 ms CreateObjectMapping: 0.040900 ms MarkObjects: 1.674000 ms  DeleteObjects: 0.054900 ms)

========================================================================
Received Prepare
Registering precompiled user dll's ...
Registered in 0.000851 seconds.
Begin MonoManager ReloadAssembly
Native extension for WindowsStandalone target not found
Refreshing native plugins compatible for Editor in 0.27 ms, found 0 plugins.
Preloading 0 native plugins for Editor in 0.00 ms.
Invoked RoslynAnalysisRunner static constructor.
RoslynAnalysisRunner will not be running.
RoslynAnalysisRunner has terminated.
Mono: successfully reloaded assembly
- Completed reload, in  1.057 seconds
Platform modules already initialized, skipping
Refreshing native plugins compatible for Editor in 0.21 ms, found 0 plugins.
Preloading 0 native plugins for Editor in 0.00 ms.
Unloading 1110 Unused Serialized files (Serialized files now loaded: 0)
System memory in use before: 68.8 MB.
System memory in use after: 68.9 MB.

Unloading 5 unused Assets to reduce memory usage. Loaded Objects now: 1582.
Total: 1.810300 ms (FindLiveObjects: 0.135100 ms CreateObjectMapping: 0.094300 ms MarkObjects: 1.524700 ms  DeleteObjects: 0.055200 ms)

========================================================================
Received Prepare
Registering precompiled user dll's ...
Registered in 0.001226 seconds.
Begin MonoManager ReloadAssembly
Native extension for WindowsStandalone target not found
Refreshing native plugins compatible for Editor in 0.22 ms, found 0 plugins.
Preloading 0 native plugins for Editor in 0.00 ms.
Invoked RoslynAnalysisRunner static constructor.
RoslynAnalysisRunner will not be running.
RoslynAnalysisRunner has terminated.
Mono: successfully reloaded assembly
- Completed reload, in  1.031 seconds
Platform modules already initialized, skipping
Refreshing native plugins compatible for Editor in 0.23 ms, found 0 plugins.
Preloading 0 native plugins for Editor in 0.00 ms.
Unloading 1110 Unused Serialized files (Serialized files now loaded: 0)
System memory in use before: 69.0 MB.
System memory in use after: 69.1 MB.

Unloading 5 unused Assets to reduce memory usage. Loaded Objects now: 1584.
Total: 1.983200 ms (FindLiveObjects: 0.140500 ms CreateObjectMapping: 0.038900 ms MarkObjects: 1.743900 ms  DeleteObjects: 0.058500 ms)

========================================================================
Received Prepare
Registering precompiled user dll's ...
Registered in 0.001184 seconds.
Begin MonoManager ReloadAssembly
Native extension for WindowsStandalone target not found
Refreshing native plugins compatible for Editor in 0.21 ms, found 0 plugins.
Preloading 0 native plugins for Editor in 0.00 ms.
Invoked RoslynAnalysisRunner static constructor.
RoslynAnalysisRunner will not be running.
RoslynAnalysisRunner has terminated.
Mono: successfully reloaded assembly
- Completed reload, in  1.161 seconds
Platform modules already initialized, skipping
Refreshing native plugins compatible for Editor in 0.20 ms, found 0 plugins.
Preloading 0 native plugins for Editor in 0.00 ms.
Unloading 1110 Unused Serialized files (Serialized files now loaded: 0)
System memory in use before: 69.2 MB.
System memory in use after: 69.2 MB.

Unloading 5 unused Assets to reduce memory usage. Loaded Objects now: 1586.
Total: 1.920200 ms (FindLiveObjects: 0.152100 ms CreateObjectMapping: 0.038900 ms MarkObjects: 1.648200 ms  DeleteObjects: 0.079500 ms)

========================================================================
Received Prepare
Registering precompiled user dll's ...
Registered in 0.000962 seconds.
Begin MonoManager ReloadAssembly
Native extension for WindowsStandalone target not found
Refreshing native plugins compatible for Editor in 0.27 ms, found 0 plugins.
Preloading 0 native plugins for Editor in 0.00 ms.
Invoked RoslynAnalysisRunner static constructor.
RoslynAnalysisRunner will not be running.
RoslynAnalysisRunner has terminated.
Mono: successfully reloaded assembly
- Completed reload, in  1.070 seconds
Platform modules already initialized, skipping
Refreshing native plugins compatible for Editor in 0.31 ms, found 0 plugins.
Preloading 0 native plugins for Editor in 0.00 ms.
Unloading 1110 Unused Serialized files (Serialized files now loaded: 0)
System memory in use before: 69.3 MB.
System memory in use after: 69.4 MB.

Unloading 5 unused Assets to reduce memory usage. Loaded Objects now: 1588.
Total: 1.882000 ms (FindLiveObjects: 0.146700 ms CreateObjectMapping: 0.044900 ms MarkObjects: 1.627700 ms  DeleteObjects: 0.061500 ms)

========================================================================
Received Prepare
Registering precompiled user dll's ...
Registered in 0.002040 seconds.
Begin MonoManager ReloadAssembly
Native extension for WindowsStandalone target not found
Refreshing native plugins compatible for Editor in 0.21 ms, found 0 plugins.
Preloading 0 native plugins for Editor in 0.00 ms.
Invoked RoslynAnalysisRunner static constructor.
RoslynAnalysisRunner will not be running.
RoslynAnalysisRunner has terminated.
Mono: successfully reloaded assembly
- Completed reload, in  1.068 seconds
Platform modules already initialized, skipping
Refreshing native plugins compatible for Editor in 0.21 ms, found 0 plugins.
Preloading 0 native plugins for Editor in 0.00 ms.
Unloading 1110 Unused Serialized files (Serialized files now loaded: 0)
System memory in use before: 69.4 MB.
System memory in use after: 69.5 MB.

Unloading 5 unused Assets to reduce memory usage. Loaded Objects now: 1590.
Total: 2.098700 ms (FindLiveObjects: 0.209700 ms CreateObjectMapping: 0.033800 ms MarkObjects: 1.777900 ms  DeleteObjects: 0.076200 ms)

========================================================================
Received Prepare
Registering precompiled user dll's ...
Registered in 0.001992 seconds.
Begin MonoManager ReloadAssembly
Native extension for WindowsStandalone target not found
Refreshing native plugins compatible for Editor in 0.21 ms, found 0 plugins.
Preloading 0 native plugins for Editor in 0.00 ms.
Invoked RoslynAnalysisRunner static constructor.
RoslynAnalysisRunner will not be running.
RoslynAnalysisRunner has terminated.
Mono: successfully reloaded assembly
- Completed reload, in  1.056 seconds
Platform modules already initialized, skipping
Refreshing native plugins compatible for Editor in 0.21 ms, found 0 plugins.
Preloading 0 native plugins for Editor in 0.00 ms.
Unloading 1110 Unused Serialized files (Serialized files now loaded: 0)
System memory in use before: 68.7 MB.
System memory in use after: 68.7 MB.

Unloading 5 unused Assets to reduce memory usage. Loaded Objects now: 1592.
Total: 2.013900 ms (FindLiveObjects: 0.218600 ms CreateObjectMapping: 0.044300 ms MarkObjects: 1.576000 ms  DeleteObjects: 0.173700 ms)

========================================================================
Received Prepare
Registering precompiled user dll's ...
Registered in 0.001016 seconds.
Begin MonoManager ReloadAssembly
Native extension for WindowsStandalone target not found
Refreshing native plugins compatible for Editor in 0.24 ms, found 0 plugins.
Preloading 0 native plugins for Editor in 0.00 ms.
Invoked RoslynAnalysisRunner static constructor.
RoslynAnalysisRunner will not be running.
RoslynAnalysisRunner has terminated.
Mono: successfully reloaded assembly
- Completed reload, in  1.116 seconds
Platform modules already initialized, skipping
Refreshing native plugins compatible for Editor in 0.21 ms, found 0 plugins.
Preloading 0 native plugins for Editor in 0.00 ms.
Unloading 1110 Unused Serialized files (Serialized files now loaded: 0)
System memory in use before: 68.8 MB.
System memory in use after: 68.9 MB.

Unloading 5 unused Assets to reduce memory usage. Loaded Objects now: 1594.
Total: 2.039000 ms (FindLiveObjects: 0.139800 ms CreateObjectMapping: 0.042800 ms MarkObjects: 1.799100 ms  DeleteObjects: 0.055800 ms)

========================================================================
Received Prepare
Registering precompiled user dll's ...
Registered in 0.002132 seconds.
Begin MonoManager ReloadAssembly
Native extension for WindowsStandalone target not found
Refreshing native plugins compatible for Editor in 0.21 ms, found 0 plugins.
Preloading 0 native plugins for Editor in 0.00 ms.
Invoked RoslynAnalysisRunner static constructor.
RoslynAnalysisRunner will not be running.
RoslynAnalysisRunner has terminated.
Mono: successfully reloaded assembly
- Completed reload, in  1.149 seconds
Platform modules already initialized, skipping
Refreshing native plugins compatible for Editor in 0.23 ms, found 0 plugins.
Preloading 0 native plugins for Editor in 0.00 ms.
Unloading 1110 Unused Serialized files (Serialized files now loaded: 0)
System memory in use before: 69.0 MB.
System memory in use after: 69.0 MB.

Unloading 5 unused Assets to reduce memory usage. Loaded Objects now: 1596.
Total: 1.804500 ms (FindLiveObjects: 0.159100 ms CreateObjectMapping: 0.041600 ms MarkObjects: 1.549400 ms  DeleteObjects: 0.053400 ms)

========================================================================
Received Prepare
Registering precompiled user dll's ...
Registered in 0.002267 seconds.
Begin MonoManager ReloadAssembly
Native extension for WindowsStandalone target not found
Refreshing native plugins compatible for Editor in 0.37 ms, found 0 plugins.
Preloading 0 native plugins for Editor in 0.00 ms.
Invoked RoslynAnalysisRunner static constructor.
RoslynAnalysisRunner will not be running.
RoslynAnalysisRunner has terminated.
Mono: successfully reloaded assembly
- Completed reload, in  1.149 seconds
Platform modules already initialized, skipping
Refreshing native plugins compatible for Editor in 0.22 ms, found 0 plugins.
Preloading 0 native plugins for Editor in 0.00 ms.
Unloading 1110 Unused Serialized files (Serialized files now loaded: 0)
System memory in use before: 69.1 MB.
System memory in use after: 69.2 MB.

Unloading 5 unused Assets to reduce memory usage. Loaded Objects now: 1598.
Total: 1.747500 ms (FindLiveObjects: 0.133900 ms CreateObjectMapping: 0.036800 ms MarkObjects: 1.523200 ms  DeleteObjects: 0.052400 ms)

========================================================================
Received Prepare
Registering precompiled user dll's ...
Registered in 0.001064 seconds.
Begin MonoManager ReloadAssembly
Native extension for WindowsStandalone target not found
Refreshing native plugins compatible for Editor in 0.27 ms, found 0 plugins.
Preloading 0 native plugins for Editor in 0.00 ms.
Invoked RoslynAnalysisRunner static constructor.
RoslynAnalysisRunner will not be running.
RoslynAnalysisRunner has terminated.
Mono: successfully reloaded assembly
- Completed reload, in  1.045 seconds
Platform modules already initialized, skipping
Refreshing native plugins compatible for Editor in 0.33 ms, found 0 plugins.
Preloading 0 native plugins for Editor in 0.00 ms.
Unloading 1110 Unused Serialized files (Serialized files now loaded: 0)
System memory in use before: 69.3 MB.
System memory in use after: 69.4 MB.

Unloading 5 unused Assets to reduce memory usage. Loaded Objects now: 1600.
Total: 2.946300 ms (FindLiveObjects: 0.149100 ms CreateObjectMapping: 0.043500 ms MarkObjects: 2.606700 ms  DeleteObjects: 0.145700 ms)

